#
# There is insufficient memory for the Java Runtime Environment to continue.
# Native memory allocation (mmap) failed to map 1073741824 bytes for G1 virtual space
# Possible reasons:
#   The system is out of physical RAM or swap space
#   The process is running with CompressedOops enabled, and the Java Heap may be blocking the growth of the native heap
# Possible solutions:
#   Reduce memory load on the system
#   Increase physical memory or swap space
#   Check if swap backing store is full
#   Decrease Java heap size (-Xmx/-Xms)
#   Decrease number of Java threads
#   Decrease Java thread stack sizes (-Xss)
#   Set larger code cache with -XX:ReservedCodeCacheSize=
#   JVM is running with Unscaled Compressed Oops mode in which the Java heap is
#     placed in the first 4GB address space. The Java Heap base address is the
#     maximum limit for the native heap growth. Please use -XX:HeapBaseMinAddress
#     to set the Java Heap base and to place the Java Heap above 4GB virtual address.
# This output file may be truncated or incomplete.
#
#  Out of Memory Error (os_windows.cpp:3603), pid=21908, tid=24156
#
# JRE version:  (21.0.7+8) (build )
# Java VM: Java HotSpot(TM) 64-Bit Server VM (21.0.7+8-LTS-245, mixed mode, sharing, tiered, compressed oops, compressed class ptrs, g1 gc, windows-amd64)
# No core dump will be written. Minidumps are not enabled by default on client versions of Windows
#

---------------  S U M M A R Y ------------

Command Line: -Xmx1G -Xms1G -XX:+UseG1GC -XX:MaxGCPauseMillis=20 -XX:InitiatingHeapOccupancyPercent=35 -XX:+ExplicitGCInvokesConcurrent -Djava.awt.headless=true -Dcom.sun.management.jmxremote -Dcom.sun.management.jmxremote.authenticate=false -Dcom.sun.management.jmxremote.ssl=false -Dkafka.logs.dir=P:\kafka/logs -Dlog4j.configuration=file:P:\kafka\bin\windows\../../config/log4j.properties kafka.Kafka P:\kafka\config\server.properties

Host: 11th Gen Intel(R) Core(TM) i5-11400H @ 2.70GHz, 12 cores, 7G,  Windows 11 , 64 bit Build 26100 (10.0.26100.8246)
Time: Fri May  1 18:58:04 2026 India Standard Time elapsed time: 0.010492 seconds (0d 0h 0m 0s)

---------------  T H R E A D  ---------------

Current thread (0x000001ee7f9c2c60):  JavaThread "Unknown thread" [_thread_in_vm, id=24156, stack(0x000000c3e0000000,0x000000c3e0100000) (1024K)]

Stack: [0x000000c3e0000000,0x000000c3e0100000]
Native frames: (J=compiled Java code, j=interpreted, Vv=VM code, C=native code)
V  [jvm.dll+0x6cae19]
V  [jvm.dll+0x855741]
V  [jvm.dll+0x857c6e]
V  [jvm.dll+0x858343]
V  [jvm.dll+0x27e0b6]
V  [jvm.dll+0x6c7595]
V  [jvm.dll+0x6bc0fa]
V  [jvm.dll+0x353eaa]
V  [jvm.dll+0x35bb26]
V  [jvm.dll+0x3ae52e]
V  [jvm.dll+0x3ae7d8]
V  [jvm.dll+0x3281bc]
V  [jvm.dll+0x328d1b]
V  [jvm.dll+0x81eaf9]
V  [jvm.dll+0x3bb211]
V  [jvm.dll+0x807d78]
V  [jvm.dll+0x4503ee]
V  [jvm.dll+0x451fe1]
C  [jli.dll+0x52a3]
C  [ucrtbase.dll+0x37b0]
C  [KERNEL32.DLL+0x2e8d7]
C  [ntdll.dll+0x8c3fc]


---------------  P R O C E S S  ---------------

Threads class SMR info:
_java_thread_list=0x00007fff7267cc48, length=0, elements={
}

Java Threads: ( => current thread )
Total: 0

Other Threads:
  0x000001ee01c9f8a0 WorkerThread "GC Thread#0"                     [id=5944, stack(0x000000c3e0100000,0x000000c3e0200000) (1024K)]
  0x000001ee01ca8790 ConcurrentGCThread "G1 Main Marker"            [id=11004, stack(0x000000c3e0200000,0x000000c3e0300000) (1024K)]
  0x000001ee01ca91a0 WorkerThread "G1 Conc#0"                       [id=11000, stack(0x000000c3e0300000,0x000000c3e0400000) (1024K)]

[error occurred during error reporting (printing all threads), id 0xc0000005, EXCEPTION_ACCESS_VIOLATION (0xc0000005) at pc=0x00007fff71dea947]
VM state: not at safepoint (not fully initialized)

VM Mutex/Monitor currently owned by a thread:  ([mutex/lock_event])
[0x00007fff726edf50] Heap_lock - owner thread: 0x000001ee7f9c2c60

Heap address: 0x00000000c0000000, size: 1024 MB, Compressed Oops mode: 32-bit

CDS archive(s) mapped at: [0x0000000000000000-0x0000000000000000-0x0000000000000000), size 0, SharedBaseAddress: 0x0000000800000000, ArchiveRelocationMode: 1.
Narrow klass base: 0x0000000000000000, Narrow klass shift: 0, Narrow klass range: 0x0

GC Precious Log:
 CardTable entry size: 512
 Card Set container configuration: InlinePtr #cards 5 size 8 Array Of Cards #cards 12 size 40 Howl #buckets 4 coarsen threshold 1843 Howl Bitmap #cards 512 size 80 coarsen threshold 460 Card regions per heap region 1 cards per card region 2048

Heap:
 garbage-first heap   total 0K, used 0K [0x00000000c0000000, 0x0000000100000000)
  region size 1024K, 0 young (0K), 0 survivors (0K)

[error occurred during error reporting (printing heap information), id 0xc0000005, EXCEPTION_ACCESS_VIOLATION (0xc0000005) at pc=0x00007fff721d3e79]
GC Heap History (0 events):
No events

Dll operation events (1 events):
Event: 0.006 Loaded shared library C:\Program Files\Java\jdk-21\bin\java.dll

Deoptimization events (0 events):
No events

Classes loaded (0 events):
No events

Classes unloaded (0 events):
No events

Classes redefined (0 events):
No events

Internal exceptions (0 events):
No events

ZGC Phase Switch (0 events):
No events

VM Operations (0 events):
No events

Events (0 events):
No events


Dynamic libraries:
0x00007ff6135f0000 - 0x00007ff613600000 	C:\Program Files\Java\jdk-21\bin\java.exe
0x00007ff878740000 - 0x00007ff8789a7000 	C:\WINDOWS\SYSTEM32\ntdll.dll
0x00007ff877950000 - 0x00007ff877a19000 	C:\WINDOWS\System32\KERNEL32.DLL
0x00007ff8759c0000 - 0x00007ff875db4000 	C:\WINDOWS\System32\KERNELBASE.dll
0x00007ff8760b0000 - 0x00007ff8761fb000 	C:\WINDOWS\System32\ucrtbase.dll
0x00007ff8380d0000 - 0x00007ff8380e9000 	C:\Program Files\Java\jdk-21\bin\jli.dll
0x00007ff837dd0000 - 0x00007ff837deb000 	C:\Program Files\Java\jdk-21\bin\VCRUNTIME140.dll
0x00007ff877a20000 - 0x00007ff877ad6000 	C:\WINDOWS\System32\ADVAPI32.dll
0x00007ff877ba0000 - 0x00007ff877c49000 	C:\WINDOWS\System32\msvcrt.dll
0x00007ff8775d0000 - 0x00007ff877677000 	C:\WINDOWS\System32\sechost.dll
0x00007ff8776f0000 - 0x00007ff877808000 	C:\WINDOWS\System32\RPCRT4.dll
0x00007ff877f30000 - 0x00007ff8780f5000 	C:\WINDOWS\System32\USER32.dll
0x00007ff859490000 - 0x00007ff859723000 	C:\WINDOWS\WinSxS\amd64_microsoft.windows.common-controls_6595b64144ccf1df_6.0.26100.8115_none_3e075c82e3354f9c\COMCTL32.dll
0x00007ff8764a0000 - 0x00007ff8764c7000 	C:\WINDOWS\System32\win32u.dll
0x00007ff876f50000 - 0x00007ff876f7b000 	C:\WINDOWS\System32\GDI32.dll
0x00007ff876370000 - 0x00007ff87649b000 	C:\WINDOWS\System32\gdi32full.dll
0x00007ff875dc0000 - 0x00007ff875e63000 	C:\WINDOWS\System32\msvcp_win.dll
0x00007ff86afc0000 - 0x00007ff86afcb000 	C:\WINDOWS\SYSTEM32\VERSION.dll
0x00007ff876cd0000 - 0x00007ff876d02000 	C:\WINDOWS\System32\IMM32.DLL
0x00007ff853a80000 - 0x00007ff853a8c000 	C:\Program Files\Java\jdk-21\bin\vcruntime140_1.dll
0x00007fffeb100000 - 0x00007fffeb18e000 	C:\Program Files\Java\jdk-21\bin\msvcp140.dll
0x00007fff71ab0000 - 0x00007fff727ca000 	C:\Program Files\Java\jdk-21\bin\server\jvm.dll
0x00007ff878620000 - 0x00007ff8786a0000 	C:\WINDOWS\System32\WS2_32.dll
0x00007ff874e70000 - 0x00007ff874ece000 	C:\WINDOWS\SYSTEM32\POWRPROF.dll
0x00007ff86b110000 - 0x00007ff86b146000 	C:\WINDOWS\SYSTEM32\WINMM.dll
0x00007ff874e50000 - 0x00007ff874e64000 	C:\WINDOWS\SYSTEM32\UMPDC.dll
0x00007ff873d80000 - 0x00007ff873d9b000 	C:\WINDOWS\SYSTEM32\kernel.appcore.dll
0x00007ff849130000 - 0x00007ff84913a000 	C:\Program Files\Java\jdk-21\bin\jimage.dll
0x00007ff872e90000 - 0x00007ff8730d2000 	C:\WINDOWS\SYSTEM32\DBGHELP.DLL
0x00007ff876f80000 - 0x00007ff877302000 	C:\WINDOWS\System32\combase.dll
0x00007ff876d10000 - 0x00007ff876de8000 	C:\WINDOWS\System32\OLEAUT32.dll
0x00007ff854090000 - 0x00007ff8540cb000 	C:\WINDOWS\SYSTEM32\dbgcore.DLL
0x00007ff875910000 - 0x00007ff8759b5000 	C:\WINDOWS\System32\bcryptPrimitives.dll
0x00007ff82f920000 - 0x00007ff82f93f000 	C:\Program Files\Java\jdk-21\bin\java.dll

dbghelp: loaded successfully - version: 4.0.5 - missing functions: none
symbol engine: initialized successfully - sym options: 0x614 - pdb path: .;C:\Program Files\Java\jdk-21\bin;C:\WINDOWS\SYSTEM32;C:\WINDOWS\WinSxS\amd64_microsoft.windows.common-controls_6595b64144ccf1df_6.0.26100.8115_none_3e075c82e3354f9c;C:\Program Files\Java\jdk-21\bin\server

VM Arguments:
jvm_args: -Xmx1G -Xms1G -XX:+UseG1GC -XX:MaxGCPauseMillis=20 -XX:InitiatingHeapOccupancyPercent=35 -XX:+ExplicitGCInvokesConcurrent -Djava.awt.headless=true -Dcom.sun.management.jmxremote -Dcom.sun.management.jmxremote.authenticate=false -Dcom.sun.management.jmxremote.ssl=false -Dkafka.logs.dir=P:\kafka/logs -Dlog4j.configuration=file:P:\kafka\bin\windows\../../config/log4j.properties 
java_command: kafka.Kafka P:\kafka\config\server.properties
java_class_path (initial): P:\kafka\libs\activation-1.1.1.jar;P:\kafka\libs\aopalliance-repackaged-2.6.1.jar;P:\kafka\libs\argparse4j-0.7.0.jar;P:\kafka\libs\audience-annotations-0.12.0.jar;P:\kafka\libs\caffeine-2.9.3.jar;P:\kafka\libs\checker-qual-3.19.0.jar;P:\kafka\libs\commons-beanutils-1.9.4.jar;P:\kafka\libs\commons-cli-1.4.jar;P:\kafka\libs\commons-collections-3.2.2.jar;P:\kafka\libs\commons-digester-2.1.jar;P:\kafka\libs\commons-io-2.11.0.jar;P:\kafka\libs\commons-lang3-3.8.1.jar;P:\kafka\libs\commons-logging-1.2.jar;P:\kafka\libs\commons-validator-1.7.jar;P:\kafka\libs\connect-api-3.7.0.jar;P:\kafka\libs\connect-basic-auth-extension-3.7.0.jar;P:\kafka\libs\connect-file-3.7.0.jar;P:\kafka\libs\connect-json-3.7.0.jar;P:\kafka\libs\connect-mirror-3.7.0.jar;P:\kafka\libs\connect-mirror-client-3.7.0.jar;P:\kafka\libs\connect-runtime-3.7.0.jar;P:\kafka\libs\connect-transforms-3.7.0.jar;P:\kafka\libs\error_prone_annotations-2.10.0.jar;P:\kafka\libs\hk2-api-2.6.1.jar;P:\kafka\libs\hk2-locator-2.6.1.jar;P:\kafka\libs\hk2-utils-2.6.1.jar;P:\kafka\libs\jackson-annotations-2.16.0.jar;P:\kafka\libs\jackson-core-2.16.0.jar;P:\kafka\libs\jackson-databind-2.16.0.jar;P:\kafka\libs\jackson-dataformat-csv-2.16.0.jar;P:\kafka\libs\jackson-datatype-jdk8-2.16.0.jar;P:\kafka\libs\jackson-jaxrs-base-2.16.0.jar;P:\kafka\libs\jackson-jaxrs-json-provider-2.16.0.jar;P:\kafka\libs\jackson-module-jaxb-annotations-2.16.0.jar;P:\kafka\libs\jackson-module-scala_2.13-2.16.0.jar;P:\kafka\libs\jakarta.activation-api-1.2.2.jar;P:\kafka\libs\jakarta.annotation-api-1.3.5.jar;P:\kafka\libs\jakarta.inject-2.6.1.jar;P:\kafka\libs\jakarta.validation-api-2.0.2.jar;P:\kafka\libs\jakarta.ws.rs-api-2.1.6.jar;P:\kafka\libs\jakarta.xml.bind-api-2.3.3.jar;P:\kafka\libs\javassist-3.29.2-GA.jar;P:\kafka\libs\javax.activation-api-1.2.0.jar;P:\kafka\libs\javax.annotation-api-1.3.2.jar;P:\kafka\libs\javax.servlet-api-3.1.0.jar;P:\kafka\libs\javax.ws.rs-api-2.1.1.jar;P:\kafka\libs\jaxb-api-2.3.1.jar;P:\kafka\libs\jersey-client-2.39.1.jar;P:\kafka\libs\jersey-common-2.39.1.jar;P:\kafka\libs\jersey-container-servlet-2.39.1.jar;P:\kafka\libs\jersey-container-servlet-core-2.39.1.jar;P:\kafka\libs\jersey-hk2-2.39.1.jar;P:\kafka\libs\jersey-server-2.39.1.jar;P:\kafka\libs\jetty-client-9.4.53.v20231009.jar;P:\kafka\libs\jetty-continuation-9.4.53.v20231009.jar;P:\kafka\libs\jetty-http-9.4.53.v20231009.jar;P:\kafka\libs\jetty-io-9.4.53.v20231009.jar;P:\kafka\libs\jetty-security-9.4.53.v20231009.jar;P:\kafka\libs\jetty-server-9.4.53.v20231009.jar;P:\kafka\libs\jetty-servlet-9.4.53.v20231009.jar;P:\kafka\libs\jetty-servlets-9.4.53.v20231009.jar;P:\kafka\libs\jetty-util-9.4.53.v20231009.jar;P:\kafka\libs\jetty-util-ajax-9.4.53.v20231009.jar;P:\kafka\libs\jline-3.22.0.jar;P:\kafka\libs\jopt-simple-5.0.4.jar;P:\kafka\libs\jose4j-0.9.4.jar;P:\kafka\libs\jsr305-3.0.2.jar;P:\kafka\libs\kafka-clients-3.7.0.jar;P:\kafka\libs\kafka-group-coordinator-3.7.0.jar;P:\kafka\libs\kafka-log4j-appender-3.7.0.jar;P:\kafka\libs\kafka-metadata-3.7.0.jar;P:\kafka\libs\kafka-raft-3.7.0.jar;P:\kafka\libs\kafka-server-3.7.0.jar;P:\kafka\libs\kafka-server-common-3.7.0.jar;P:\kafka\libs\kafka-shell-3.7.0.jar;P:\kafka\libs\kafka-storage-3.7.0.jar;P:\kafka\libs\kafka-storage-api-3.7.0.jar;P:\kafka\libs\kafka-streams-3.7.0.jar;P:\kafka\libs\kafka-streams-examples-3.7.0.jar;P:\kafka\libs\kafka-streams-scala_2.13-3.7.0.jar;P:\kafka\libs\kafka-streams-test-utils-3.7.0.jar;P:\kafka\libs\kafka-tools-3.7.0.jar;P:\kafka\libs\kafka-tools-api-3.7.0.jar;P:\kafka\libs\kafka_2.13-3.7.0.jar;P:\kafka\libs\lz4-java-1.8.0.jar;P:\kafka\libs\maven-artifact-3.8.8.jar;P:\kafka\libs\metrics-core-2.2.0.jar;P:\kafka\libs\metrics-core-4.1.12.1.jar;P:\kafka\libs\netty-buffer-4.1.100.Final.jar;P:\kafka\libs\netty-codec-4.1.100.Final.jar;P:\kafka\libs\netty-common-4.1.100.Final.jar;P:\kafka\libs\netty-handler-4.1.100.Final.jar;P:\kafka\libs\netty-resolver-4.1.100.Final.jar;P:\kafka\libs\netty-transport-4.1.100.Final.jar;P:\kafka\libs\netty-transport-classes-epoll-4.1.100.Final.jar;P:\kafka\libs\netty-transport-native-epoll-4.1.100.Final.jar;P:\kafka\libs\netty-transport-native-unix-common-4.1.100.Final.jar;P:\kafka\libs\opentelemetry-proto-1.0.0-alpha.jar;P:\kafka\libs\osgi-resource-locator-1.0.3.jar;P:\kafka\libs\paranamer-2.8.jar;P:\kafka\libs\pcollections-4.0.1.jar;P:\kafka\libs\plexus-utils-3.3.1.jar;P:\kafka\libs\protobuf-java-3.23.4.jar;P:\kafka\libs\reflections-0.10.2.jar;P:\kafka\libs\reload4j-1.2.25.jar;P:\kafka\libs\rocksdbjni-7.9.2.jar;P:\kafka\libs\scala-collection-compat_2.13-2.10.0.jar;P:\kafka\libs\scala-java8-compat_2.13-1.0.2.jar;P:\kafka\libs\scala-library-2.13.12.jar;P:\kafka\libs\scala-logging_2.13-3.9.4.jar;P:\kafka\libs\scala-reflect-2.13.12.jar;P:\kafka\libs\slf4j-api-1.7.36.jar;P:\kafka\libs\slf4j-reload4j-1.7.36.jar;P:\kafka\libs\snappy-java-1.1.10.5.jar;P:\kafka\libs\swagger-annotations-2.2.8.jar;P:\kafka\libs\trogdor-3.7.0.jar;P:\kafka\libs\zookeeper-3.8.3.jar;P:\kafka\libs\zookeeper-jute-3.8.3.jar;P:\kafka\libs\zstd-jni-1.5.5-6.jar
Launcher Type: SUN_STANDARD

[Global flags]
     intx CICompilerCount                          = 4                                         {product} {ergonomic}
     uint ConcGCThreads                            = 3                                         {product} {ergonomic}
     bool ExplicitGCInvokesConcurrent              = true                                      {product} {command line}
     uint G1ConcRefinementThreads                  = 10                                        {product} {ergonomic}
   size_t G1HeapRegionSize                         = 1048576                                   {product} {ergonomic}
    uintx GCDrainStackTargetSize                   = 64                                        {product} {ergonomic}
   size_t InitialHeapSize                          = 1073741824                                {product} {command line}
    uintx InitiatingHeapOccupancyPercent           = 35                                        {product} {command line}
     bool ManagementServer                         = true                                      {product} {command line}
   size_t MarkStackSize                            = 4194304                                   {product} {ergonomic}
    uintx MaxGCPauseMillis                         = 20                                        {product} {command line}
   size_t MaxHeapSize                              = 1073741824                                {product} {command line}
   size_t MinHeapDeltaBytes                        = 1048576                                   {product} {ergonomic}
   size_t MinHeapSize                              = 1073741824                                {product} {command line}
    uintx NonNMethodCodeHeapSize                   = 5839372                                {pd product} {ergonomic}
    uintx NonProfiledCodeHeapSize                  = 122909434                              {pd product} {ergonomic}
    uintx ProfiledCodeHeapSize                     = 122909434                              {pd product} {ergonomic}
    uintx ReservedCodeCacheSize                    = 251658240                              {pd product} {ergonomic}
     bool SegmentedCodeCache                       = true                                      {product} {ergonomic}
   size_t SoftMaxHeapSize                          = 1073741824                             {manageable} {ergonomic}
     bool UseCompressedOops                        = true                           {product lp64_product} {ergonomic}
     bool UseG1GC                                  = true                                      {product} {command line}
     bool UseLargePagesIndividualAllocation        = false                                  {pd product} {ergonomic}

Logging:
Log output configuration:
 #0: stdout all=warning uptime,level,tags foldmultilines=false
 #1: stderr all=off uptime,level,tags foldmultilines=false

Environment Variables:
CLASSPATH="P:\kafka\libs\activation-1.1.1.jar";"P:\kafka\libs\aopalliance-repackaged-2.6.1.jar";"P:\kafka\libs\argparse4j-0.7.0.jar";"P:\kafka\libs\audience-annotations-0.12.0.jar";"P:\kafka\libs\caffeine-2.9.3.jar";"P:\kafka\libs\checker-qual-3.19.0.jar";"P:\kafka\libs\commons-beanutils-1.9.4.jar";"P:\kafka\libs\commons-cli-1.4.jar";"P:\kafka\libs\commons-collections-3.2.2.jar";"P:\kafka\libs\commons-digester-2.1.jar";"P:\kafka\libs\commons-io-2.11.0.jar";"P:\kafka\libs\commons-lang3-3.8.1.jar";"P:\kafka\libs\commons-logging-1.2.jar";"P:\kafka\libs\commons-validator-1.7.jar";"P:\kafka\libs\connect-api-3.7.0.jar";"P:\kafka\libs\connect-basic-auth-extension-3.7.0.jar";"P:\kafka\libs\connect-file-3.7.0.jar";"P:\kafka\libs\connect-json-3.7.0.jar";"P:\kafka\libs\connect-mirror-3.7.0.jar";"P:\kafka\libs\connect-mirror-client-3.7.0.jar";"P:\kafka\libs\connect-runtime-3.7.0.jar";"P:\kafka\libs\connect-transforms-3.7.0.jar";"P:\kafka\libs\error_prone_annotations-2.10.0.jar";"P:\kafka\libs\hk2-api-2.6.1.jar";"P:\kafka\libs\hk2-locator-2.6.1.jar";"P:\kafka\libs\hk2-utils-2.6.1.jar";"P:\kafka\libs\jackson-annotations-2.16.0.jar";"P:\kafka\libs\jackson-core-2.16.0.jar";"P:\kafka\libs\jackson-databind-2.16.0.jar";"P:\kafka\libs\jackson-dataformat-csv-2.16.0.jar";"P:\kafka\libs\jackson-datatype-jdk8-2.16.0.jar";"P:\kafka\libs\jackson-jaxrs-base-2.16.0.jar";"P:\kafka\libs\jackson-jaxrs-json-provider-2.16.0.jar";"P:\kafka\libs\jackson-module-jaxb-annotations-2.16.0.jar";"P:\kafka\libs\jackson-module-scala_2.13-2.16.0.jar";"P:\kafka\libs\jakarta.activation-api-1.2.2.jar";"P:\kafka\libs\jakarta.annotation-api-1.3.5.jar";"P:\kafka\libs\jakarta.inject-2.6.1.jar";"P:\kafka\libs\jakarta.validation-api-2.0.2.jar";"P:\kafka\libs\jakarta.ws.rs-api-2.1.6.jar";"P:\kafka\libs\jakarta.xml.bind-api-2.3.3.jar";"P:\kafka\libs\javassist-3.29.2-GA.jar";"P:\kafka\libs\javax.activation-api-1.2.0.jar";"P:\kafka\libs\javax.annotation-api-1.3.2.jar";"P:\kafka\libs\javax.servlet-api-3.1.0.jar";"P:\kafka\libs\javax.ws.rs-api-2.1.1.jar";"P:\kafka\libs\jaxb-api-2.3.1.jar";"P:\kafka\libs\jersey-client-2.39.1.jar";"P:\kafka\libs\jersey-common-2.39.1.jar";"P:\kafka\libs\jersey-container-servlet-2.39.1.jar";"P:\kafka\libs\jersey-container-servlet-core-2.39.1.jar";"P:\kafka\libs\jersey-hk2-2.39.1.jar";"P:\kafka\libs\jersey-server-2.39.1.jar";"P:\kafka\libs\jetty-client-9.4.53.v20231009.jar";"P:\kafka\libs\jetty-continuation-9.4.53.v20231009.jar";"P:\kafka\libs\jetty-http-9.4.53.v20231009.jar";"P:\kafka\libs\jetty-io-9.4.53.v20231009.jar";"P:\kafka\libs\jetty-security-9.4.53.v20231009.jar";"P:\kafka\libs\jetty-server-9.4.53.v20231009.jar";"P:\kafka\libs\jetty-servlet-9.4.53.v20231009.jar";"P:\kafka\libs\jetty-servlets-9.4.53.v20231009.jar";"P:\kafka\libs\jetty-util-9.4.53.v20231009.jar";"P:\kafka\libs\jetty-util-ajax-9.4.53.v20231009.jar";"P:\kafka\libs\jline-3.22.0.jar";"P:\kafka\libs\jopt-simple-5.0.4.jar";"P:\kafka\libs\jose4j-0.9.4.jar";"P:\kafka\libs\jsr305-3.0.2.jar";"P:\kafka\libs\kafka-clients-3.7.0.jar";"P:\kafka\libs\kafka-group-coordinator-3.7.0.jar";"P:\kafka\libs\kafka-log4j-appender-3.7.0.jar";"P:\kafka\libs\kafka-metadata-3.7.0.jar";"P:\kafka\libs\kafka-raft-3.7.0.jar";"P:\kafka\libs\kafka-server-3.7.0.jar";"P:\kafka\libs\kafka-server-common-3.7.0.jar";"P:\kafka\libs\kafka-shell-3.7.0.jar";"P:\kafka\libs\kafka-storage-3.7.0.jar";"P:\kafka\libs\kafka-storage-api-3.7.0.jar";"P:\kafka\libs\kafka-streams-3.7.0.jar";"P:\kafka\libs\kafka-streams-examples-3.7.0.jar";"P:\kafka\libs\kafka-streams-scala_2.13-3.7.0.jar";"P:\kafka\libs\kafka-streams-test-utils-3.7.0.jar";"P:\kafka\libs\kafka-tools-3.7.0.jar";"P:\kafka\libs\kafka-tools-api-3.7.0.jar";"P:\kafka\libs\kafka_2.13-3.7.0.jar";"P:\kafka\libs\lz4-java-1.8.0.jar";"P:\kafka\libs\maven-artifact-3.8.8.jar";"P:\kafka\libs\metrics-core-2.2.0.jar";"P:\kafka\libs\metrics-core-4.1.12.1.jar";"P:\kafka\libs\netty-buffer-4.1.100.Final.jar";"P:\kafka\libs\netty-codec-4.1.100.Final.jar";"P:\kafka\libs\netty-common-4.1.100.Final.jar";"P:\kafka\libs\netty-handler-4.1.100.Final.jar";"P:\kafka\libs\netty-resolver-4.1.100.Final.jar";"P:\kafka\libs\netty-transport-4.1.100.Final.jar";"P:\kafka\libs\netty-transport-classes-epoll-4.1.100.Final.jar";"P:\kafka\libs\netty-transport-native-epoll-4.1.100.Final.jar";"P:\kafka\libs\netty-transport-native-unix-common-4.1.100.Final.jar";"P:\kafka\libs\opentelemetry-proto-1.0.0-alpha.jar";"P:\kafka\libs\osgi-resource-locator-1.0.3.jar";"P:\kafka\libs\paranamer-2.8.jar";"P:\kafka\libs\pcollections-4.0.1.jar";"P:\kafka\libs\plexus-utils-3.3.1.jar";"P:\kafka\libs\protobuf-java-3.23.4.jar";"P:\kafka\libs\reflections-0.10.2.jar";"P:\kafka\libs\reload4j-1.2.25.jar";"P:\kafka\libs\rocksdbjni-7.9.2.jar";"P:\kafka\libs\scala-collection-compat_2.13-2.10.0.jar";"P:\kafka\libs\scala-java8-compat_2.13-1.0.2.jar";"P:\kafka\libs\scala-library-2.13.12.jar";"P:\kafka\libs\scala-logging_2.13-3.9.4.jar";"P:\kafka\libs\scala-reflect-2.13.12.jar";"P:\kafka\libs\slf4j-api-1.7.36.jar";"P:\kafka\libs\slf4j-reload4j-1.7.36.jar";"P:\kafka\libs\snappy-java-1.1.10.5.jar";"P:\kafka\libs\swagger-annotations-2.2.8.jar";"P:\kafka\libs\trogdor-3.7.0.jar";"P:\kafka\libs\zookeeper-3.8.3.jar";"P:\kafka\libs\zookeeper-jute-3.8.3.jar";"P:\kafka\libs\zstd-jni-1.5.5-6.jar"
PATH=C:\Users\Sabinesh V\AppData\Local\Programs\Microsoft VS Code;C:\Program Files\Common Files\Oracle\Java\javapath;C:\Windows\system32;C:\Windows;C:\Windows\System32\Wbem;C:\Windows\System32\WindowsPowerShell\v1.0\;C:\Windows\System32\OpenSSH\;C:\Program Files (x86)\NVIDIA Corporation\PhysX\Common;C:\Program Files\NVIDIA Corporation\NVIDIA NvDLISR;C:\Program Files\PuTTY\;C:\Program Files\Git\cmd;C:\Program Files\nodejs\;C:\ProgramData\chocolatey\bin;C:\WINDOWS\system32;C:\WINDOWS;C:\WINDOWS\System32\Wbem;C:\WINDOWS\System32\WindowsPowerShell\v1.0\;C:\WINDOWS\System32\OpenSSH\;C:\Program Files\dotnet\;C:\Program Files\Microsoft SQL Server\150\Tools\Binn\;C:\Program Files\Microsoft SQL Server\Client SDK\ODBC\170\Tools\Binn\;C:\Program Files (x86)\Microsoft SQL Server\150\Tools\Binn\;C:\Program Files\Microsoft SQL Server\150\DTS\Binn\;C:\Program Files\Docker\Docker\resources\bin;C:\hadoop\bin;C:\Users\Sabinesh V\AppData\Local\Programs\Python\Python312\Scripts\;C:\Users\Sabinesh V\AppData\Local\Programs\Python\Python312\;C:\Users\Sabinesh V\AppData\Local\Programs\Python\Python314\Scripts\;C:\Users\Sabinesh V\AppData\Local\Programs\Python\Python314\;C:\Users\Sabinesh V\AppData\Local\Programs\Python\Python38\Scripts\;C:\Users\Sabinesh V\AppData\Local\Programs\Python\Python38\;C:\Users\Sabinesh V\AppData\Local\Microsoft\WindowsApps;C:\Users\Sabinesh V\AppData\Local\Programs\Microsoft VS Code\bin;C:\Users\Sabinesh V\AppData\Roaming\npm;C:\Users\Sabinesh V\.dotnet\tools;C:\Users\Sabinesh V\AppData\Local\Programs\cursor\resources\app\bin;C:\Program Files (x86)\MongoDB Atlas CLI\;c:\Users\Sabinesh V\.vscode\extensions\ms-python.debugpy-2026.4.0-win32-x64\bundled\scripts\noConfigScripts
USERNAME=Sabinesh V
LANG=en_US.UTF-8
OS=Windows_NT
PROCESSOR_IDENTIFIER=Intel64 Family 6 Model 141 Stepping 1, GenuineIntel
TMP=C:\Users\SABINE~1\AppData\Local\Temp
TEMP=C:\Users\SABINE~1\AppData\Local\Temp




Periodic native trim disabled

---------------  S Y S T E M  ---------------

OS:
 Windows 11 , 64 bit Build 26100 (10.0.26100.8246)
OS uptime: 0 days 5:44 hours
Hyper-V role detected

CPU: total 12 (initial active 12) (6 cores per cpu, 2 threads per core) family 6 model 141 stepping 1 microcode 0x50, cx8, cmov, fxsr, ht, mmx, 3dnowpref, sse, sse2, sse3, ssse3, sse4.1, sse4.2, popcnt, lzcnt, tsc, tscinvbit, avx, avx2, aes, erms, clmul, bmi1, bmi2, adx, avx512f, avx512dq, avx512cd, avx512bw, avx512vl, sha, fma, vzeroupper, avx512_vpopcntdq, avx512_vpclmulqdq, avx512_vaes, avx512_vnni, clflush, clflushopt, clwb, avx512_vbmi2, avx512_vbmi, hv, rdtscp, rdpid, fsrm, gfni, avx512_bitalg, f16c, cet_ibt, cet_ss, avx512_ifma
Processor Information for all 12 processors :
  Max Mhz: 2688, Current Mhz: 2688, Mhz Limit: 2688

Memory: 4k page, system-wide physical 7914M (688M free)
TotalPageFile size 20635M (AvailPageFile size 254M)
current process WorkingSet (physical memory assigned to process): 13M, peak: 13M
current process commit charge ("private bytes"): 64M, peak: 1088M

vm_info: Java HotSpot(TM) 64-Bit Server VM (21.0.7+8-LTS-245) for windows-amd64 JRE (21.0.7+8-LTS-245), built on 2025-02-21T05:11:27Z by "mach5one" with MS VC++ 17.6 (VS2022)

END.
