#
# There is insufficient memory for the Java Runtime Environment to continue.
# Native memory allocation (mmap) failed to map 130023424 bytes for G1 virtual space
# Possible reasons:
#   The system is out of physical RAM or swap space
#   The process is running with CompressedOops enabled, and the Java Heap may be blocking the growth of the native heap
# Possible solutions:
#   Reduce memory load on the system
#   Increase physical memory or swap space
#   Check if swap backing store is full
#   Decrease Java heap size (-Xmx/-Xms)
#   Decrease number of Java threads
#   Decrease Java thread stack sizes (-Xss)
#   Set larger code cache with -XX:ReservedCodeCacheSize=
#   JVM is running with Unscaled Compressed Oops mode in which the Java heap is
#     placed in the first 4GB address space. The Java Heap base address is the
#     maximum limit for the native heap growth. Please use -XX:HeapBaseMinAddress
#     to set the Java Heap base and to place the Java Heap above 4GB virtual address.
# This output file may be truncated or incomplete.
#
#  Out of Memory Error (os_windows.cpp:3603), pid=22540, tid=26256
#
# JRE version:  (21.0.7+8) (build )
# Java VM: Java HotSpot(TM) 64-Bit Server VM (21.0.7+8-LTS-245, mixed mode, sharing, tiered, compressed oops, compressed class ptrs, g1 gc, windows-amd64)
# No core dump will be written. Minidumps are not enabled by default on client versions of Windows
#

---------------  S U M M A R Y ------------

Command Line: -Xmx128m org.apache.spark.launcher.Main org.apache.spark.deploy.SparkSubmit --conf spark.app.name=StreamSight-ClickStream-Processor --conf spark.jars=P:\streamsight_complete\streamsight_complete\backend\spark-processor\jars\spark-sql-kafka-0-10_2.12-3.5.0.jar,P:\streamsight_complete\streamsight_complete\backend\spark-processor\jars\kafka-clients-3.4.1.jar,P:\streamsight_complete\streamsight_complete\backend\spark-processor\jars\spark-token-provider-kafka-0-10_2.12-3.5.0.jar,P:\streamsight_complete\streamsight_complete\backend\spark-processor\jars\spark-streaming-kafka-0-10_2.12-3.5.0.jar,P:\streamsight_complete\streamsight_complete\backend\spark-processor\jars\commons-pool2-2.11.1.jar --conf spark.sql.shuffle.partitions=2 pyspark-shell

Host: 11th Gen Intel(R) Core(TM) i5-11400H @ 2.70GHz, 12 cores, 7G,  Windows 11 , 64 bit Build 26100 (10.0.26100.7920)
Time: Thu Apr  9 05:22:04 2026 India Standard Time elapsed time: 0.010442 seconds (0d 0h 0m 0s)

---------------  T H R E A D  ---------------

Current thread (0x000001ec7d73de70):  JavaThread "Unknown thread" [_thread_in_vm, id=26256, stack(0x000000d8a8200000,0x000000d8a8300000) (1024K)]

Stack: [0x000000d8a8200000,0x000000d8a8300000]
Native frames: (J=compiled Java code, j=interpreted, Vv=VM code, C=native code)
V  [jvm.dll+0x6cae19]
V  [jvm.dll+0x855741]
V  [jvm.dll+0x857c6e]
V  [jvm.dll+0x858343]
V  [jvm.dll+0x27e0b6]
V  [jvm.dll+0x6c7595]
V  [jvm.dll+0x6bc0fa]
V  [jvm.dll+0x353eaa]
V  [jvm.dll+0x35bb26]
V  [jvm.dll+0x3ae52e]
V  [jvm.dll+0x3ae7d8]
V  [jvm.dll+0x3281bc]
V  [jvm.dll+0x328d1b]
V  [jvm.dll+0x81eaf9]
V  [jvm.dll+0x3bb211]
V  [jvm.dll+0x807d78]
V  [jvm.dll+0x4503ee]
V  [jvm.dll+0x451fe1]
C  [jli.dll+0x52a3]
C  [ucrtbase.dll+0x37b0]
C  [KERNEL32.DLL+0x2e8d7]
C  [ntdll.dll+0x8c48c]


---------------  P R O C E S S  ---------------

Threads class SMR info:
_java_thread_list=0x00007ff9d8b3cc48, length=0, elements={
}

Java Threads: ( => current thread )
Total: 0

Other Threads:
  0x000001ec7d75d430 WorkerThread "GC Thread#0"                     [id=6604, stack(0x000000d8a8300000,0x000000d8a8400000) (1024K)]
  0x000001ec7d75f410 ConcurrentGCThread "G1 Main Marker"            [id=13508, stack(0x000000d8a8400000,0x000000d8a8500000) (1024K)]
  0x000001ec7d760d90 WorkerThread "G1 Conc#0"                       [id=10232, stack(0x000000d8a8500000,0x000000d8a8600000) (1024K)]

[error occurred during error reporting (printing all threads), id 0xc0000005, EXCEPTION_ACCESS_VIOLATION (0xc0000005) at pc=0x00007ff9d82aa947]
VM state: not at safepoint (not fully initialized)

VM Mutex/Monitor currently owned by a thread:  ([mutex/lock_event])
[0x00007ff9d8badf50] Heap_lock - owner thread: 0x000001ec7d73de70

Heap address: 0x00000000f8000000, size: 128 MB, Compressed Oops mode: 32-bit

CDS archive(s) mapped at: [0x0000000000000000-0x0000000000000000-0x0000000000000000), size 0, SharedBaseAddress: 0x0000000800000000, ArchiveRelocationMode: 1.
Narrow klass base: 0x0000000000000000, Narrow klass shift: 0, Narrow klass range: 0x0

GC Precious Log:
 CardTable entry size: 512
 Card Set container configuration: InlinePtr #cards 5 size 8 Array Of Cards #cards 12 size 40 Howl #buckets 4 coarsen threshold 1843 Howl Bitmap #cards 512 size 80 coarsen threshold 460 Card regions per heap region 1 cards per card region 2048

Heap:
 garbage-first heap   total 0K, used 0K [0x00000000f8000000, 0x0000000100000000)
  region size 1024K, 0 young (0K), 0 survivors (0K)

[error occurred during error reporting (printing heap information), id 0xc0000005, EXCEPTION_ACCESS_VIOLATION (0xc0000005) at pc=0x00007ff9d8693e79]
GC Heap History (0 events):
No events

Dll operation events (1 events):
Event: 0.006 Loaded shared library C:\Program Files\Java\jdk-21\bin\java.dll

Deoptimization events (0 events):
No events

Classes loaded (0 events):
No events

Classes unloaded (0 events):
No events

Classes redefined (0 events):
No events

Internal exceptions (0 events):
No events

ZGC Phase Switch (0 events):
No events

VM Operations (0 events):
No events

Events (0 events):
No events


Dynamic libraries:
0x00007ff79b530000 - 0x00007ff79b540000 	C:\Program Files\Java\jdk-21\bin\java.exe
0x00007ffac4380000 - 0x00007ffac45e7000 	C:\WINDOWS\SYSTEM32\ntdll.dll
0x00007ffac3910000 - 0x00007ffac39d9000 	C:\WINDOWS\System32\KERNEL32.DLL
0x00007ffac1ae0000 - 0x00007ffac1ed1000 	C:\WINDOWS\System32\KERNELBASE.dll
0x00007ffac1fd0000 - 0x00007ffac211b000 	C:\WINDOWS\System32\ucrtbase.dll
0x00007ffaa43a0000 - 0x00007ffaa43b9000 	C:\Program Files\Java\jdk-21\bin\jli.dll
0x00007ffa9ce90000 - 0x00007ffa9ceab000 	C:\Program Files\Java\jdk-21\bin\VCRUNTIME140.dll
0x00007ffac2f20000 - 0x00007ffac2fdb000 	C:\WINDOWS\System32\ADVAPI32.dll
0x00007ffac3860000 - 0x00007ffac3909000 	C:\WINDOWS\System32\msvcrt.dll
0x00007ffac26e0000 - 0x00007ffac2787000 	C:\WINDOWS\System32\sechost.dll
0x00007ffac25c0000 - 0x00007ffac26d8000 	C:\WINDOWS\System32\RPCRT4.dll
0x00007ffac2fe0000 - 0x00007ffac31a5000 	C:\WINDOWS\System32\USER32.dll
0x00007ffac1ee0000 - 0x00007ffac1f07000 	C:\WINDOWS\System32\win32u.dll
0x00007ffaa2d50000 - 0x00007ffaa2fe3000 	C:\WINDOWS\WinSxS\amd64_microsoft.windows.common-controls_6595b64144ccf1df_6.0.26100.8037_none_3e092faae333b53b\COMCTL32.dll
0x00007ffac3ac0000 - 0x00007ffac3aeb000 	C:\WINDOWS\System32\GDI32.dll
0x00007ffac0c60000 - 0x00007ffac0d8b000 	C:\WINDOWS\System32\gdi32full.dll
0x00007ffac1980000 - 0x00007ffac1a23000 	C:\WINDOWS\System32\msvcp_win.dll
0x00007ffab6f30000 - 0x00007ffab6f3b000 	C:\WINDOWS\SYSTEM32\VERSION.dll
0x00007ffac4300000 - 0x00007ffac4331000 	C:\WINDOWS\System32\IMM32.DLL
0x00007ffabab00000 - 0x00007ffabab0c000 	C:\Program Files\Java\jdk-21\bin\vcruntime140_1.dll
0x00007ffa84c40000 - 0x00007ffa84cce000 	C:\Program Files\Java\jdk-21\bin\msvcp140.dll
0x00007ff9d7f70000 - 0x00007ff9d8c8a000 	C:\Program Files\Java\jdk-21\bin\server\jvm.dll
0x00007ffac2120000 - 0x00007ffac2194000 	C:\WINDOWS\System32\WS2_32.dll
0x00007ffabf860000 - 0x00007ffabf8be000 	C:\WINDOWS\SYSTEM32\POWRPROF.dll
0x00007ffab5fd0000 - 0x00007ffab6005000 	C:\WINDOWS\SYSTEM32\WINMM.dll
0x00007ffabf840000 - 0x00007ffabf854000 	C:\WINDOWS\SYSTEM32\UMPDC.dll
0x00007ffabfb10000 - 0x00007ffabfb2b000 	C:\WINDOWS\SYSTEM32\kernel.appcore.dll
0x00007ffab91e0000 - 0x00007ffab91ea000 	C:\Program Files\Java\jdk-21\bin\jimage.dll
0x00007ffabea80000 - 0x00007ffabecc2000 	C:\WINDOWS\SYSTEM32\DBGHELP.DLL
0x00007ffac3d10000 - 0x00007ffac4092000 	C:\WINDOWS\System32\combase.dll
0x00007ffac39e0000 - 0x00007ffac3ab7000 	C:\WINDOWS\System32\OLEAUT32.dll
0x00007ffa9ea90000 - 0x00007ffa9eacb000 	C:\WINDOWS\SYSTEM32\dbgcore.DLL
0x00007ffac1a30000 - 0x00007ffac1ad5000 	C:\WINDOWS\System32\bcryptPrimitives.dll
0x00007ffa9ce50000 - 0x00007ffa9ce6f000 	C:\Program Files\Java\jdk-21\bin\java.dll

dbghelp: loaded successfully - version: 4.0.5 - missing functions: none
symbol engine: initialized successfully - sym options: 0x614 - pdb path: .;C:\Program Files\Java\jdk-21\bin;C:\WINDOWS\SYSTEM32;C:\WINDOWS\WinSxS\amd64_microsoft.windows.common-controls_6595b64144ccf1df_6.0.26100.8037_none_3e092faae333b53b;C:\Program Files\Java\jdk-21\bin\server

VM Arguments:
jvm_args: -Xmx128m 
java_command: org.apache.spark.launcher.Main org.apache.spark.deploy.SparkSubmit --conf spark.app.name=StreamSight-ClickStream-Processor --conf spark.jars=P:\streamsight_complete\streamsight_complete\backend\spark-processor\jars\spark-sql-kafka-0-10_2.12-3.5.0.jar,P:\streamsight_complete\streamsight_complete\backend\spark-processor\jars\kafka-clients-3.4.1.jar,P:\streamsight_complete\streamsight_complete\backend\spark-processor\jars\spark-token-provider-kafka-0-10_2.12-3.5.0.jar,P:\streamsight_complete\streamsight_complete\backend\spark-processor\jars\spark-streaming-kafka-0-10_2.12-3.5.0.jar,P:\streamsight_complete\streamsight_complete\backend\spark-processor\jars\commons-pool2-2.11.1.jar --conf spark.sql.shuffle.partitions=2 pyspark-shell
java_class_path (initial): C:\Users\Sabinesh V\AppData\Local\Programs\Python\Python38\Lib\site-packages\pyspark\bin\..\jars\activation-1.1.1.jar;C:\Users\Sabinesh V\AppData\Local\Programs\Python\Python38\Lib\site-packages\pyspark\bin\..\jars\aircompressor-0.25.jar;C:\Users\Sabinesh V\AppData\Local\Programs\Python\Python38\Lib\site-packages\pyspark\bin\..\jars\algebra_2.12-2.0.1.jar;C:\Users\Sabinesh V\AppData\Local\Programs\Python\Python38\Lib\site-packages\pyspark\bin\..\jars\annotations-17.0.0.jar;C:\Users\Sabinesh V\AppData\Local\Programs\Python\Python38\Lib\site-packages\pyspark\bin\..\jars\antlr-runtime-3.5.2.jar;C:\Users\Sabinesh V\AppData\Local\Programs\Python\Python38\Lib\site-packages\pyspark\bin\..\jars\antlr4-runtime-4.9.3.jar;C:\Users\Sabinesh V\AppData\Local\Programs\Python\Python38\Lib\site-packages\pyspark\bin\..\jars\aopalliance-repackaged-2.6.1.jar;C:\Users\Sabinesh V\AppData\Local\Programs\Python\Python38\Lib\site-packages\pyspark\bin\..\jars\arpack-3.0.3.jar;C:\Users\Sabinesh V\AppData\Local\Programs\Python\Python38\Lib\site-packages\pyspark\bin\..\jars\arpack_combined_all-0.1.jar;C:\Users\Sabinesh V\AppData\Local\Programs\Python\Python38\Lib\site-packages\pyspark\bin\..\jars\arrow-format-12.0.1.jar;C:\Users\Sabinesh V\AppData\Local\Programs\Python\Python38\Lib\site-packages\pyspark\bin\..\jars\arrow-memory-core-12.0.1.jar;C:\Users\Sabinesh V\AppData\Local\Programs\Python\Python38\Lib\site-packages\pyspark\bin\..\jars\arrow-memory-netty-12.0.1.jar;C:\Users\Sabinesh V\AppData\Local\Programs\Python\Python38\Lib\site-packages\pyspark\bin\..\jars\arrow-vector-12.0.1.jar;C:\Users\Sabinesh V\AppData\Local\Programs\Python\Python38\Lib\site-packages\pyspark\bin\..\jars\audience-annotations-0.5.0.jar;C:\Users\Sabinesh V\AppData\Local\Programs\Python\Python38\Lib\site-packages\pyspark\bin\..\jars\avro-1.11.2.jar;C:\Users\Sabinesh V\AppData\Local\Programs\Python\Python38\Lib\site-packages\pyspark\bin\..\jars\avro-ipc-1.11.2.jar;C:\Users\Sabinesh V\AppData\Local\Programs\Python\Python38\Lib\site-packages\pyspark\bin\..\jars\avro-mapred-1.11.2.jar;C:\Users\Sabinesh V\AppData\Local\Programs\Python\Python38\Lib\site-packages\pyspark\bin\..\jars\blas-3.0.3.jar;C:\Users\Sabinesh V\AppData\Local\Programs\Python\Python38\Lib\site-packages\pyspark\bin\..\jars\bonecp-0.8.0.RELEASE.jar;C:\Users\Sabinesh V\AppData\Local\Programs\Python\Python38\Lib\site-packages\pyspark\bin\..\jars\breeze-macros_2.12-2.1.0.jar;C:\Users\Sabinesh V\AppData\Local\Programs\Python\Python38\Lib\site-packages\pyspark\bin\..\jars\breeze_2.12-2.1.0.jar;C:\Users\Sabinesh V\AppData\Local\Programs\Python\Python38\Lib\site-packages\pyspark\bin\..\jars\cats-kernel_2.12-2.1.1.jar;C:\Users\Sabinesh V\AppData\Local\Programs\Python\Python38\Lib\site-packages\pyspark\bin\..\jars\chill-java-0.10.0.jar;C:\Users\Sabinesh V\AppData\Local\Programs\Python\Python38\Lib\site-packages\pyspark\bin\..\jars\chill_2.12-0.10.0.jar;C:\Users\Sabinesh V\AppData\Local\Programs\Python\Python38\Lib\site-packages\pyspark\bin\..\jars\commons-cli-1.5.0.jar;C:\Users\Sabinesh V\AppData\Local\Programs\Python\Python38\Lib\site-packages\pyspark\bin\..\jars\commons-codec-1.16.0.jar;C:\Users\Sabinesh V\AppData\Local\Programs\Python\Python38\Lib\site-packages\pyspark\bin\..\jars\commons-collections-3.2.2.jar;C:\Users\Sabinesh V\AppData\Local\Programs\Python\Python38\Lib\site-packages\pyspark\bin\..\jars\commons-collections4-4.4.jar;C:\Users\Sabinesh V\AppData\Local\Programs\Python\Python38\Lib\site-packages\pyspark\bin\..\jars\commons-compiler-3.1.9.jar;C:\Users\Sabinesh V\AppData\Local\Programs\Python\Python38\Lib\site-packages\pyspark\bin\..\jars\commons-compress-1.23.0.jar;C:\Users\Sabinesh V\AppData\Local\Programs\Python\Python38\Lib\site-packages\pyspark\bin\..\jars\commons-crypto-1.1.0.jar;C:\Users\Sabinesh V\AppData\Local\Programs\Python\Python38\Lib\site-packages\pyspark\bin\..\jars\commons-dbcp-1.4.jar;C:\Users\Sabinesh V\AppData\Local\Programs\Python\Python38\Lib\site-packages\pyspark\bin\..\jars\commons-io-2.13.0.jar;C:\Users\Sabinesh V\AppData\Local\Programs\Python\Python38\Lib\site-packages\pyspark\bin\..\jars\commons-lang-2.6.jar;C:\Users\Sabinesh V\AppData\Local\Programs\Python\Python38\Lib\site-packages\pyspark\bin\..\jars\commons-lang3-3.12.0.jar;C:\Users\Sabinesh V\AppData\Local\Programs\Python\Python38\Lib\site-packages\pyspark\bin\..\jars\commons-logging-1.1.3.jar;C:\Users\Sabinesh V\AppData\Local\Programs\Python\Python38\Lib\site-packages\pyspark\bin\..\jars\commons-math3-3.6.1.jar;C:\Users\Sabinesh V\AppData\Local\Programs\Python\Python38\Lib\site-packages\pyspark\bin\..\jars\commons-pool-1.5.4.jar;C:\Users\Sabinesh V\AppData\Local\Programs\Python\Python38\Lib\site-packages\pyspark\bin\..\jars\commons-text-1.10.0.jar;C:\Users\Sabinesh V\AppData\Local\Programs\Python\Python38\Lib\site-packages\pyspark\bin\..\jars\compress-lzf-1.1.2.jar;C:\Users\Sabinesh V\AppData\Local\Programs\Python\Python38\Lib\site-packages\pyspark\bin\..\jars\curator-client-2.13.0.jar;C:\Users\Sabinesh V\AppData\Local\Programs\Python\Python38\Lib\site-packages\pyspark\bin\..\jars\curator-framework-2.13.0.jar;C:\Users\Sabinesh V\AppData\Local\Programs\Python\Python38\Lib\site-packages\pyspark\bin\..\jars\curator-recipes-2.13.0.jar;C:\Users\Sabinesh V\AppData\Local\Programs\Python\Python38\Lib\site-packages\pyspark\bin\..\jars\datanucleus-api-jdo-4.2.4.jar;C:\Users\Sabinesh V\AppData\Local\Programs\Python\Python38\Lib\site-packages\pyspark\bin\..\jars\datanucleus-core-4.1.17.jar;C:\Users\Sabinesh V\AppData\Local\Programs\Python\Python38\Lib\site-packages\pyspark\bin\..\jars\datanucleus-rdbms-4.1.19.jar;C:\Users\Sabinesh V\AppData\Local\Programs\Python\Python38\Lib\site-packages\pyspark\bin\..\jars\datasketches-java-3.3.0.jar;C:\Users\Sabinesh V\AppData\Local\Programs\Python\Python38\Lib\site-packages\pyspark\bin\..\jars\datasketches-memory-2.1.0.jar;C:\Users\Sabinesh V\AppData\Local\Programs\Python\Python38\Lib\site-packages\pyspark\bin\..\jars\derby-10.14.2.0.jar;C:\Users\Sabinesh V\AppData\Local\Programs\Python\Python38\Lib\site-packages\pyspark\bin\..\jars\dropwizard-metrics-hadoop-metrics2-reporter-0.1.2.jar;C:\Users\Sabinesh V\AppData\Local\Programs\Python\Python38\Lib\site-packages\pyspark\bin\..\jars\flatbuffers-java-1.12.0.jar;C:\Users\Sabinesh V\AppData\Local\Programs\Python\Python38\Lib\site-packages\pyspark\bin\..\jars\gson-2.2.4.jar;C:\Users\Sabinesh V\AppData\Local\Programs\Python\Python38\Lib\site-packages\pyspark\bin\..\jars\guava-14.0.1.jar;C:\Users\Sabinesh V\AppData\Local\Programs\Python\Python38\Lib\site-packages\pyspark\bin\..\jars\hadoop-client-api-3.3.4.jar;C:\Users\Sabinesh V\AppData\Local\Programs\Python\Python38\Lib\site-packages\pyspark\bin\..\jars\hadoop-client-runtime-3.3.4.jar;C:\Users\Sabinesh V\AppData\Local\Programs\Python\Python38\Lib\site-packages\pyspark\bin\..\jars\hadoop-shaded-guava-1.1.1.jar;C:\Users\Sabinesh V\AppData\Local\Programs\Python\Python38\Lib\site-packages\pyspark\bin\..\jars\hadoop-yarn-server-web-proxy-3.3.4.jar;C:\Users\Sabinesh V\AppData\Local\Programs\Python\Python38\Lib\site-packages\pyspark\bin\..\jars\HikariCP-2.5.1.jar;C:\Users\Sabinesh V\AppData\Local\Programs\Python\Python38\Lib\site-packages\pyspark\bin\..\jars\hive-beeline-2.3.9.jar;C:\Users\Sabinesh V\AppData\Local\Programs\Python\Python38\Lib\site-packages\pyspark\bin\..\jars\hive-cli-2.3.9.jar;C:\Users\Sabinesh V\AppData\Local\Programs\Python\Python38\Lib\site-packages\pyspark\bin\..\jars\hive-common-2.3.9.jar;C:\Users\Sabinesh V\AppData\Local\Programs\Python\Python38\Lib\site-packages\pyspark\bin\..\jars\hive-exec-2.3.9-core.jar;C:\Users\Sabinesh V\AppData\Local\Programs\Python\Python38\Lib\site-packages\pyspark\bin\..\jars\hive-jdbc-2.3.9.jar;C:\Users\Sabinesh V\AppData\Local\Programs\Python\Python38\Lib\site-packages\pyspark\bin\..\jars\hive-llap-common-2.3.9.jar;C:\Users\Sabinesh V\AppData\Local\Programs\Python\Python38\Lib\site-packages\pyspark\bin\..\jars\hive-metastore-2.3.9.jar;C:\Users\Sabinesh V\AppData\Local\Programs\Python\Python38\Lib\site-packages\pyspark\bin\..\jars\hive-serde-2.3.9.jar;C:\Users\Sabinesh V\AppData\Local\Programs\Python\Python38\Lib\site-packages\pyspark\bin\..\jars\hive-service-rpc-3.1.3.jar;C:\Users\Sabinesh V\AppData\Local\Programs\Python\Python38\Lib\site-packages\pyspark\bin\..\jars\hive-shims-0.23-2.3.9.jar;C:\Users\Sabinesh V\AppData\Local\Programs\Python\Python38\Lib\site-packages\pyspark\bin\..\jars\hive-shims-2.3.9.jar;C:\Users\Sabinesh V\AppData\Local\Programs\Python\Python38\Lib\site-packages\pyspark\bin\..\jars\hive-shims-common-2.3.9.jar;C:\Users\Sabinesh V\AppData\Local\Programs\Python\Python38\Lib\site-packages\pyspark\bin\..\jars\hive-shims-scheduler-2.3.9.jar;C:\Users\Sabinesh V\AppData\Local\Programs\Python\Python38\Lib\site-packages\pyspark\bin\..\jars\hive-storage-api-2.8.1.jar;C:\Users\Sabinesh V\AppData\Local\Programs\Python\Python38\Lib\site-packages\pyspark\bin\..\jars\hk2-api-2.6.1.jar;C:\Users\Sabinesh V\AppData\Local\Programs\Python\Python38\Lib\site-packages\pyspark\bin\..\jars\hk2-locator-2.6.1.jar;C:\Users\Sabinesh V\AppData\Local\Programs\Python\Python38\Lib\site-packages\pyspark\bin\..\jars\hk2-utils-2.6.1.jar;C:\Users\Sabinesh V\AppData\Local\Programs\Python\Python38\Lib\site-packages\pyspark\bin\..\jars\httpclient-4.5.14.jar;C:\Users\Sabinesh V\AppData\Local\Programs\Python\Python38\Lib\site-packages\pyspark\bin\..\jars\httpcore-4.4.16.jar;C:\Users\Sabinesh V\AppData\Local\Programs\Python\Python38\Lib\site-packages\pyspark\bin\..\jars\istack-commons-runtime-3.0.8.jar;C:\Users\Sabinesh V\AppData\Local\Programs\Python\Python38\Lib\site-packages\pyspark\bin\..\jars\ivy-2.5.1.jar;C:\Users\Sabinesh V\AppData\Local\Programs\Python\Python38\Lib\site-packages\pyspark\bin\..\jars\jackson-annotations-2.15.2.jar;C:\Users\Sabinesh V\AppData\Local\Programs\Python\Python38\Lib\site-packages\pyspark\bin\..\jars\jackson-core-2.15.2.jar;C:\Users\Sabinesh V\AppData\Local\Programs\Python\Python38\Lib\site-packages\pyspark\bin\..\jars\jackson-core-asl-1.9.13.jar;C:\Users\Sabinesh V\AppData\Local\Programs\Python\Python38\Lib\site-packages\pyspark\bin\..\jars\jackson-databind-2.15.2.jar;C:\Users\Sabinesh V\AppData\Local\Programs\Python\Python38\Lib\site-packages\pyspark\bin\..\jars\jackson-dataformat-yaml-2.15.2.jar;C:\Users\Sabinesh V\AppData\Local\Programs\Python\Python38\Lib\site-packages\pyspark\bin\..\jars\jackson-datatype-jsr310-2.15.2.jar;C:\Users\Sabinesh V\AppData\Local\Programs\Python\Python38\Lib\site-packages\pyspark\bin\..\jars\jackson-mapper-asl-1.9.13.jar;C:\Users\Sabinesh V\AppData\Local\Programs\Python\Python38\Lib\site-packages\pyspark\bin\..\jars\jackson-module-scala_2.12-2.15.2.jar;C:\Users\Sabinesh V\AppData\Local\Programs\Python\Python38\Lib\site-packages\pyspark\bin\..\jars\jakarta.annotation-api-1.3.5.jar;C:\Users\Sabinesh V\AppData\Local\Programs\Python\Python38\Lib\site-packages\pyspark\bin\..\jars\jakarta.inject-2.6.1.jar;C:\Users\Sabinesh V\AppData\Local\Programs\Python\Python38\Lib\site-packages\pyspark\bin\..\jars\jakarta.servlet-api-4.0.3.jar;C:\Users\Sabinesh V\AppData\Local\Programs\Python\Python38\Lib\site-packages\pyspark\bin\..\jars\jakarta.validation-api-2.0.2.jar;C:\Users\Sabinesh V\AppData\Local\Programs\Python\Python38\Lib\site-packages\pyspark\bin\..\jars\jakarta.ws.rs-api-2.1.6.jar;C:\Users\Sabinesh V\AppData\Local\Programs\Python\Python38\Lib\site-packages\pyspark\bin\..\jars\jakarta.xml.bind-api-2.3.2.jar;C:\Users\Sabinesh V\AppData\Local\Programs\Python\Python38\Lib\site-packages\pyspark\bin\..\jars\janino-3.1.9.jar;C:\Users\Sabinesh V\AppData\Local\Programs\Python\Python38\Lib\site-packages\pyspark\bin\..\jars\javassist-3.29.2-GA.jar;C:\Users\Sabinesh V\AppData\Local\Programs\Python\Python38\Lib\site-packages\pyspark\bin\..\jars\javax.jdo-3.2.0-m3.jar;C:\Users\Sabinesh V\AppData\Local\Programs\Python\Python38\Lib\site-packages\pyspark\bin\..\jars\javolution-5.5.1.jar;C:\Users\Sabinesh V\AppData\Local\Programs\Python\Python38\Lib\site-packages\pyspark\bin\..\jars\jaxb-runtime-2.3.2.jar;C:\Users\Sabinesh V\AppData\Local\Programs\Python\Python38\Lib\site-packages\pyspark\bin\..\jars\jcl-over-slf4j-2.0.7.jar;C:\Users\Sabinesh V\AppData\Local\Programs\Python\Python38\Lib\site-packages\pyspark\bin\..\jars\jdo-api-3.0.1.jar;C:\Users\Sabinesh V\AppData\Local\Programs\Python\Python38\Lib\site-packages\pyspark\bin\..\jars\jersey-client-2.40.jar;C:\Users\Sabinesh V\AppData\Local\Programs\Python\Python38\Lib\site-packages\pyspark\bin\..\jars\jersey-common-2.40.jar;C:\Users\Sabinesh V\AppData\Local\Programs\Python\Python38\Lib\site-packages\pyspark\bin\..\jars\jersey-container-servlet-2.40.jar;C:\Users\Sabinesh V\AppData\Local\Programs\Python\Python38\Lib\site-packages\pyspark\bin\..\jars\jersey-container-servlet-core-2.40.jar;C:\Users\Sabinesh V\AppData\Local\Programs\Python\Python38\Lib\site-packages\pyspark\bin\..\jars\jersey-hk2-2.40.jar;C:\Users\Sabinesh V\AppData\Local\Programs\Python\Python38\Lib\site-packages\pyspark\bin\..\jars\jersey-server-2.40.jar;C:\Users\Sabinesh V\AppData\Local\Programs\Python\Python38\Lib\site-packages\pyspark\bin\..\jars\JLargeArrays-1.5.jar;C:\Users\Sabinesh V\AppData\Local\Programs\Python\Python38\Lib\site-packages\pyspark\bin\..\jars\jline-2.14.6.jar;C:\Users\Sabinesh V\AppData\Local\Programs\Python\Python38\Lib\site-packages\pyspark\bin\..\jars\joda-time-2.12.5.jar;C:\Users\Sabinesh V\AppData\Local\Programs\Python\Python38\Lib\site-packages\pyspark\bin\..\jars\jodd-core-3.5.2.jar;C:\Users\Sabinesh V\AppData\Local\Programs\Python\Python38\Lib\site-packages\pyspark\bin\..\jars\jpam-1.1.jar;C:\Users\Sabinesh V\AppData\Local\Programs\Python\Python38\Lib\site-packages\pyspark\bin\..\jars\json-1.8.jar;C:\Users\Sabinesh V\AppData\Local\Programs\Python\Python38\Lib\site-packages\pyspark\bin\..\jars\json4s-ast_2.12-3.7.0-M11.jar;C:\Users\Sabinesh V\AppData\Local\Programs\Python\Python38\Lib\site-packages\pyspark\bin\..\jars\json4s-core_2.12-3.7.0-M11.jar;C:\Users\Sabinesh V\AppData\Local\Programs\Python\Python38\Lib\site-packages\pyspark\bin\..\jars\json4s-jackson_2.12-3.7.0-M11.jar;C:\Users\Sabinesh V\AppData\Local\Programs\Python\Python38\Lib\site-packages\pyspark\bin\..\jars\json4s-scalap_2.12-3.7.0-M11.jar;C:\Users\Sabinesh V\AppData\Local\Programs\Python\Python38\Lib\site-packages\pyspark\bin\..\jars\jsr305-3.0.0.jar;C:\Users\Sabinesh V\AppData\Local\Programs\Python\Python38\Lib\site-packages\pyspark\bin\..\jars\jta-1.1.jar;C:\Users\Sabinesh V\AppData\Local\Programs\Python\Python38\Lib\site-packages\pyspark\bin\..\jars\JTransforms-3.1.jar;C:\Users\Sabinesh V\AppData\Local\Programs\Python\Python38\Lib\site-packages\pyspark\bin\..\jars\jul-to-slf4j-2.0.7.jar;C:\Users\Sabinesh V\AppData\Local\Programs\Python\Python38\Lib\site-packages\pyspark\bin\..\jars\kryo-shaded-4.0.2.jar;C:\Users\Sabinesh V\AppData\Local\Programs\Python\Python38\Lib\site-packages\pyspark\bin\..\jars\kubernetes-client-6.7.2.jar;C:\Users\Sabinesh V\AppData\Local\Programs\Python\Python38\Lib\site-packages\pyspark\bin\..\jars\kubernetes-client-api-6.7.2.jar;C:\Users\Sabinesh V\AppData\Local\Programs\Python\Python38\Lib\site-packages\pyspark\bin\..\jars\kubernetes-httpclient-okhttp-6.7.2.jar;C:\Users\Sabinesh V\AppData\Local\Programs\Python\Python38\Lib\site-packages\pyspark\bin\..\jars\kubernetes-model-admissionregistration-6.7.2.jar;C:\Users\Sabinesh V\AppData\Local\Programs\Python\Python38\Lib\site-packages\pyspark\bin\..\jars\kubernetes-model-apiextensions-6.7.2.jar;C:\Users\Sabinesh V\AppData\Local\Programs\Python\Python38\Lib\site-packages\pyspark\bin\..\jars\kubernetes-model-apps-6.7.2.jar;C:\Users\Sabinesh V\AppData\Local\Programs\Python\Python38\Lib\site-packages\pyspark\bin\..\jars\kubernetes-model-autoscaling-6.7.2.jar;C:\Users\Sabinesh V\AppData\Local\Programs\Python\Python38\Lib\site-packages\pyspark\bin\..\jars\kubernetes-model-batch-6.7.2.jar;C:\Users\Sabinesh V\AppData\Local\Programs\Python\Python38\Lib\site-packages\pyspark\bin\..\jars\kubernetes-model-certificates-6.7.2.jar;C:\Users\Sabinesh V\AppData\Local\Programs\Python\Python38\Lib\site-packages\pyspark\bin\..\jars\kubernetes-model-common-6.7.2.jar;C:\Users\Sabinesh V\AppData\Local\Programs\Python\Python38\Lib\site-packages\pyspark\bin\..\jars\kubernetes-model-coordination-6.7.2.jar;C:\Users\Sabinesh V\AppData\Local\Programs\Python\Python38\Lib\site-packages\pyspark\bin\..\jars\kubernetes-model-core-6.7.2.jar;C:\Users\Sabinesh V\AppData\Local\Programs\Python\Python38\Lib\site-packages\pyspark\bin\..\jars\kubernetes-model-discovery-6.7.2.jar;C:\Users\Sabinesh V\AppData\Local\Programs\Python\Python38\Lib\site-packages\pyspark\bin\..\jars\kubernetes-model-events-6.7.2.jar;C:\Users\Sabinesh V\AppData\Local\Programs\Python\Python38\Lib\site-packages\pyspark\bin\..\jars\kubernetes-model-extensions-6.7.2.jar;C:\Users\Sabinesh V\AppData\Local\Programs\Python\Python38\Lib\site-packages\pyspark\bin\..\jars\kubernetes-model-flowcontrol-6.7.2.jar;C:\Users\Sabinesh V\AppData\Local\Programs\Python\Python38\Lib\site-packages\pyspark\bin\..\jars\kubernetes-model-gatewayapi-6.7.2.jar;C:\Users\Sabinesh V\AppData\Local\Programs\Python\Python38\Lib\site-packages\pyspark\bin\..\jars\kubernetes-model-metrics-6.7.2.jar;C:\Users\Sabinesh V\AppData\Local\Programs\Python\Python38\Lib\site-packages\pyspark\bin\..\jars\kubernetes-model-networking-6.7.2.jar;C:\Users\Sabinesh V\AppData\Local\Programs\Python\Python38\Lib\site-packages\pyspark\bin\..\jars\kubernetes-model-node-6.7.2.jar;C:\Users\Sabinesh V\AppData\Local\Programs\Python\Python38\Lib\site-packages\pyspark\bin\..\jars\kubernetes-model-policy-6.7.2.jar;C:\Users\Sabinesh V\AppData\Local\Programs\Python\Python38\Lib\site-packages\pyspark\bin\..\jars\kubernetes-model-rbac-6.7.2.jar;C:\Users\Sabinesh V\AppData\Local\Programs\Python\Python38\Lib\site-packages\pyspark\bin\..\jars\kubernetes-model-resource-6.7.2.jar;C:\Users\Sabinesh V\AppData\Local\Programs\Python\Python38\Lib\site-packages\pyspark\bin\..\jars\kubernetes-model-scheduling-6.7.2.jar;C:\Users\Sabinesh V\AppData\Local\Programs\Python\Python38\Lib\site-packages\pyspark\bin\..\jars\kubernetes-model-storageclass-6.7.2.jar;C:\Users\Sabinesh V\AppData\Local\Programs\Python\Python38\Lib\site-packages\pyspark\bin\..\jars\lapack-3.0.3.jar;C:\Users\Sabinesh V\AppData\Local\Programs\Python\Python38\Lib\site-packages\pyspark\bin\..\jars\leveldbjni-all-1.8.jar;C:\Users\Sabinesh V\AppData\Local\Programs\Python\Python38\Lib\site-packages\pyspark\bin\..\jars\libfb303-0.9.3.jar;C:\Users\Sabinesh V\AppData\Local\Programs\Python\Python38\Lib\site-packages\pyspark\bin\..\jars\libthrift-0.12.0.jar;C:\Users\Sabinesh V\AppData\Local\Programs\Python\Python38\Lib\site-packages\pyspark\bin\..\jars\log4j-1.2-api-2.20.0.jar;C:\Users\Sabinesh V\AppData\Local\Programs\Python\Python38\Lib\site-packages\pyspark\bin\..\jars\log4j-api-2.20.0.jar;C:\Users\Sabinesh V\AppData\Local\Programs\Python\Python38\Lib\site-packages\pyspark\bin\..\jars\log4j-core-2.20.0.jar;C:\Users\Sabinesh V\AppData\Local\Programs\Python\Python38\Lib\site-packages\pyspark\bin\..\jars\log4j-slf4j2-impl-2.20.0.jar;C:\Users\Sabinesh V\AppData\Local\Programs\Python\Python38\Lib\site-packages\pyspark\bin\..\jars\logging-interceptor-3.12.12.jar;C:\Users\Sabinesh V\AppData\Local\Programs\Python\Python38\Lib\site-packages\pyspark\bin\..\jars\lz4-java-1.8.0.jar;C:\Users\Sabinesh V\AppData\Local\Programs\Python\Python38\Lib\site-packages\pyspark\bin\..\jars\mesos-1.4.3-shaded-protobuf.jar;C:\Users\Sabinesh V\AppData\Local\Programs\Python\Python38\Lib\site-packages\pyspark\bin\..\jars\metrics-core-4.2.19.jar;C:\Users\Sabinesh V\AppData\Local\Programs\Python\Python38\Lib\site-packages\pyspark\bin\..\jars\metrics-graphite-4.2.19.jar;C:\Users\Sabinesh V\AppData\Local\Programs\Python\Python38\Lib\site-packages\pyspark\bin\..\jars\metrics-jmx-4.2.19.jar;C:\Users\Sabinesh V\AppData\Local\Programs\Python\Python38\Lib\site-packages\pyspark\bin\..\jars\metrics-json-4.2.19.jar;C:\Users\Sabinesh V\AppData\Local\Programs\Python\Python38\Lib\site-packages\pyspark\bin\..\jars\metrics-jvm-4.2.19.jar;C:\Users\Sabinesh V\AppData\Local\Programs\Python\Python38\Lib\site-packages\pyspark\bin\..\jars\minlog-1.3.0.jar;C:\Users\Sabinesh V\AppData\Local\Programs\Python\Python38\Lib\site-packages\pyspark\bin\..\jars\netty-all-4.1.96.Final.jar;C:\Users\Sabinesh V\AppData\Local\Programs\Python\Python38\Lib\site-packages\pyspark\bin\..\jars\netty-buffer-4.1.96.Final.jar;C:\Users\Sabinesh V\AppData\Local\Programs\Python\Python38\Lib\site-packages\pyspark\bin\..\jars\netty-codec-4.1.96.Final.jar;C:\Users\Sabinesh V\AppData\Local\Programs\Python\Python38\Lib\site-packages\pyspark\bin\..\jars\netty-codec-http-4.1.96.Final.jar;C:\Users\Sabinesh V\AppData\Local\Programs\Python\Python38\Lib\site-packages\pyspark\bin\..\jars\netty-codec-http2-4.1.96.Final.jar;C:\Users\Sabinesh V\AppData\Local\Programs\Python\Python38\Lib\site-packages\pyspark\bin\..\jars\netty-codec-socks-4.1.96.Final.jar;C:\Users\Sabinesh V\AppData\Local\Programs\Python\Python38\Lib\site-packages\pyspark\bin\..\jars\netty-common-4.1.96.Final.jar;C:\Users\Sabinesh V\AppData\Local\Programs\Python\Python38\Lib\site-packages\pyspark\bin\..\jars\netty-handler-4.1.96.Final.jar;C:\Users\Sabinesh V\AppData\Local\Programs\Python\Python38\Lib\site-packages\pyspark\bin\..\jars\netty-handler-proxy-4.1.96.Final.jar;C:\Users\Sabinesh V\AppData\Local\Programs\Python\Python38\Lib\site-packages\pyspark\bin\..\jars\netty-resolver-4.1.96.Final.jar;C:\Users\Sabinesh V\AppData\Local\Programs\Python\Python38\Lib\site-packages\pyspark\bin\..\jars\netty-transport-4.1.96.Final.jar;C:\Users\Sabinesh V\AppData\Local\Programs\Python\Python38\Lib\site-packages\pyspark\bin\..\jars\netty-transport-classes-epoll-4.1.96.Final.jar;C:\Users\Sabinesh V\AppData\Local\Programs\Python\Python38\Lib\site-packages\pyspark\bin\..\jars\netty-transport-classes-kqueue-4.1.96.Final.jar;C:\Users\Sabinesh V\AppData\Local\Programs\Python\Python38\Lib\site-packages\pyspark\bin\..\jars\netty-transport-native-epoll-4.1.96.Final-linux-aarch_64.jar;C:\Users\Sabinesh V\AppData\Local\Programs\Python\Python38\Lib\site-packages\pyspark\bin\..\jars\netty-transport-native-epoll-4.1.96.Final-linux-x86_64.jar;C:\Users\Sabinesh V\AppData\Local\Programs\Python\Python38\Lib\site-packages\pyspark\bin\..\jars\netty-transport-native-kqueue-4.1.96.Final-osx-aarch_64.jar;C:\Users\Sabinesh V\AppData\Local\Programs\Python\Python38\Lib\site-packages\pyspark\bin\..\jars\netty-transport-native-kqueue-4.1.96.Final-osx-x86_64.jar;C:\Users\Sabinesh V\AppData\Local\Programs\Python\Python38\Lib\site-packages\pyspark\bin\..\jars\netty-transport-native-unix-common-4.1.96.Final.jar;C:\Users\Sabinesh V\AppData\Local\Programs\Python\Python38\Lib\site-packages\pyspark\bin\..\jars\objenesis-3.3.jar;C:\Users\Sabinesh V\AppData\Local\Programs\Python\Python38\Lib\site-packages\pyspark\bin\..\jars\okhttp-3.12.12.jar;C:\Users\Sabinesh V\AppData\Local\Programs\Python\Python38\Lib\site-packages\pyspark\bin\..\jars\okio-1.15.0.jar;C:\Users\Sabinesh V\AppData\Local\Programs\Python\Python38\Lib\site-packages\pyspark\bin\..\jars\opencsv-2.3.jar;C:\Users\Sabinesh V\AppData\Local\Programs\Python\Python38\Lib\site-packages\pyspark\bin\..\jars\orc-core-1.9.1-shaded-protobuf.jar;C:\Users\Sabinesh V\AppData\Local\Programs\Python\Python38\Lib\site-packages\pyspark\bin\..\jars\orc-mapreduce-1.9.1-shaded-protobuf.jar;C:\Users\Sabinesh V\AppData\Local\Programs\Python\Python38\Lib\site-packages\pyspark\bin\..\jars\orc-shims-1.9.1.jar;C:\Users\Sabinesh V\AppData\Local\Programs\Python\Python38\Lib\site-packages\pyspark\bin\..\jars\oro-2.0.8.jar;C:\Users\Sabinesh V\AppData\Local\Programs\Python\Python38\Lib\site-packages\pyspark\bin\..\jars\osgi-resource-locator-1.0.3.jar;C:\Users\Sabinesh V\AppData\Local\Programs\Python\Python38\Lib\site-packages\pyspark\bin\..\jars\paranamer-2.8.jar;C:\Users\Sabinesh V\AppData\Local\Programs\Python\Python38\Lib\site-packages\pyspark\bin\..\jars\parquet-column-1.13.1.jar;C:\Users\Sabinesh V\AppData\Local\Programs\Python\Python38\Lib\site-packages\pyspark\bin\..\jars\parquet-common-1.13.1.jar;C:\Users\Sabinesh V\AppData\Local\Programs\Python\Python38\Lib\site-packages\pyspark\bin\..\jars\parquet-encoding-1.13.1.jar;C:\Users\Sabinesh V\AppData\Local\Programs\Python\Python38\Lib\site-packages\pyspark\bin\..\jars\parquet-format-structures-1.13.1.jar;C:\Users\Sabinesh V\AppData\Local\Programs\Python\Python38\Lib\site-packages\pyspark\bin\..\jars\parquet-hadoop-1.13.1.jar;C:\Users\Sabinesh V\AppData\Local\Programs\Python\Python38\Lib\site-packages\pyspark\bin\..\jars\parquet-jackson-1.13.1.jar;C:\Users\Sabinesh V\AppData\Local\Programs\Python\Python38\Lib\site-packages\pyspark\bin\..\jars\pickle-1.3.jar;C:\Users\Sabinesh V\AppData\Local\Programs\Python\Python38\Lib\site-packages\pyspark\bin\..\jars\py4j-0.10.9.7.jar;C:\Users\Sabinesh V\AppData\Local\Programs\Python\Python38\Lib\site-packages\pyspark\bin\..\jars\RoaringBitmap-0.9.45.jar;C:\Users\Sabinesh V\AppData\Local\Programs\Python\Python38\Lib\site-packages\pyspark\bin\..\jars\rocksdbjni-8.3.2.jar;C:\Users\Sabinesh V\AppData\Local\Programs\Python\Python38\Lib\site-packages\pyspark\bin\..\jars\scala-collection-compat_2.12-2.7.0.jar;C:\Users\Sabinesh V\AppData\Local\Programs\Python\Python38\Lib\site-packages\pyspark\bin\..\jars\scala-compiler-2.12.18.jar;C:\Users\Sabinesh V\AppData\Local\Programs\Python\Python38\Lib\site-packages\pyspark\bin\..\jars\scala-library-2.12.18.jar;C:\Users\Sabinesh V\AppData\Local\Programs\Python\Python38\Lib\site-packages\pyspark\bin\..\jars\scala-parser-combinators_2.12-2.3.0.jar;C:\Users\Sabinesh V\AppData\Local\Programs\Python\Python38\Lib\site-packages\pyspark\bin\..\jars\scala-reflect-2.12.18.jar;C:\Users\Sabinesh V\AppData\Local\Programs\Python\Python38\Lib\site-packages\pyspark\bin\..\jars\scala-xml_2.12-2.1.0.jar;C:\Users\Sabinesh V\AppData\Local\Programs\Python\Python38\Lib\site-packages\pyspark\bin\..\jars\shims-0.9.45.jar;C:\Users\Sabinesh V\AppData\Local\Programs\Python\Python38\Lib\site-packages\pyspark\bin\..\jars\slf4j-api-2.0.7.jar;C:\Users\Sabinesh V\AppData\Local\Programs\Python\Python38\Lib\site-packages\pyspark\bin\..\jars\snakeyaml-2.0.jar;C:\Users\Sabinesh V\AppData\Local\Programs\Python\Python38\Lib\site-packages\pyspark\bin\..\jars\snakeyaml-engine-2.6.jar;C:\Users\Sabinesh V\AppData\Local\Programs\Python\Python38\Lib\site-packages\pyspark\bin\..\jars\snappy-java-1.1.10.3.jar;C:\Users\Sabinesh V\AppData\Local\Programs\Python\Python38\Lib\site-packages\pyspark\bin\..\jars\spark-catalyst_2.12-3.5.0.jar;C:\Users\Sabinesh V\AppData\Local\Programs\Python\Python38\Lib\site-packages\pyspark\bin\..\jars\spark-common-utils_2.12-3.5.0.jar;C:\Users\Sabinesh V\AppData\Local\Programs\Python\Python38\Lib\site-packages\pyspark\bin\..\jars\spark-core_2.12-3.5.0.jar;C:\Users\Sabinesh V\AppData\Local\Programs\Python\Python38\Lib\site-packages\pyspark\bin\..\jars\spark-graphx_2.12-3.5.0.jar;C:\Users\Sabinesh V\AppData\Local\Programs\Python\Python38\Lib\site-packages\pyspark\bin\..\jars\spark-hive-thriftserver_2.12-3.5.0.jar;C:\Users\Sabinesh V\AppData\Local\Programs\Python\Python38\Lib\site-packages\pyspark\bin\..\jars\spark-hive_2.12-3.5.0.jar;C:\Users\Sabinesh V\AppData\Local\Programs\Python\Python38\Lib\site-packages\pyspark\bin\..\jars\spark-kubernetes_2.12-3.5.0.jar;C:\Users\Sabinesh V\AppData\Local\Programs\Python\Python38\Lib\site-packages\pyspark\bin\..\jars\spark-kvstore_2.12-3.5.0.jar;C:\Users\Sabinesh V\AppData\Local\Programs\Python\Python38\Lib\site-packages\pyspark\bin\..\jars\spark-launcher_2.12-3.5.0.jar;C:\Users\Sabinesh V\AppData\Local\Programs\Python\Python38\Lib\site-packages\pyspark\bin\..\jars\spark-mesos_2.12-3.5.0.jar;C:\Users\Sabinesh V\AppData\Local\Programs\Python\Python38\Lib\site-packages\pyspark\bin\..\jars\spark-mllib-local_2.12-3.5.0.jar;C:\Users\Sabinesh V\AppData\Local\Programs\Python\Python38\Lib\site-packages\pyspark\bin\..\jars\spark-mllib_2.12-3.5.0.jar;C:\Users\Sabinesh V\AppData\Local\Programs\Python\Python38\Lib\site-packages\pyspark\bin\..\jars\spark-network-common_2.12-3.5.0.jar;C:\Users\Sabinesh V\AppData\Local\Programs\Python\Python38\Lib\site-packages\pyspark\bin\..\jars\spark-network-shuffle_2.12-3.5.0.jar;C:\Users\Sabinesh V\AppData\Local\Programs\Python\Python38\Lib\site-packages\pyspark\bin\..\jars\spark-repl_2.12-3.5.0.jar;C:\Users\Sabinesh V\AppData\Local\Programs\Python\Python38\Lib\site-packages\pyspark\bin\..\jars\spark-sketch_2.12-3.5.0.jar;C:\Users\Sabinesh V\AppData\Local\Programs\Python\Python38\Lib\site-packages\pyspark\bin\..\jars\spark-sql-api_2.12-3.5.0.jar;C:\Users\Sabinesh V\AppData\Local\Programs\Python\Python38\Lib\site-packages\pyspark\bin\..\jars\spark-sql_2.12-3.5.0.jar;C:\Users\Sabinesh V\AppData\Local\Programs\Python\Python38\Lib\site-packages\pyspark\bin\..\jars\spark-streaming_2.12-3.5.0.jar;C:\Users\Sabinesh V\AppData\Local\Programs\Python\Python38\Lib\site-packages\pyspark\bin\..\jars\spark-tags_2.12-3.5.0.jar;C:\Users\Sabinesh V\AppData\Local\Programs\Python\Python38\Lib\site-packages\pyspark\bin\..\jars\spark-unsafe_2.12-3.5.0.jar;C:\Users\Sabinesh V\AppData\Local\Programs\Python\Python38\Lib\site-packages\pyspark\bin\..\jars\spark-yarn_2.12-3.5.0.jar;C:\Users\Sabinesh V\AppData\Local\Programs\Python\Python38\Lib\site-packages\pyspark\bin\..\jars\spire-macros_2.12-0.17.0.jar;C:\Users\Sabinesh V\AppData\Local\Programs\Python\Python38\Lib\site-packages\pyspark\bin\..\jars\spire-platform_2.12-0.17.0.jar;C:\Users\Sabinesh V\AppData\Local\Programs\Python\Python38\Lib\site-packages\pyspark\bin\..\jars\spire-util_2.12-0.17.0.jar;C:\Users\Sabinesh V\AppData\Local\Programs\Python\Python38\Lib\site-packages\pyspark\bin\..\jars\spire_2.12-0.17.0.jar;C:\Users\Sabinesh V\AppData\Local\Programs\Python\Python38\Lib\site-packages\pyspark\bin\..\jars\ST4-4.0.4.jar;C:\Users\Sabinesh V\AppData\Local\Programs\Python\Python38\Lib\site-packages\pyspark\bin\..\jars\stax-api-1.0.1.jar;C:\Users\Sabinesh V\AppData\Local\Programs\Python\Python38\Lib\site-packages\pyspark\bin\..\jars\stream-2.9.6.jar;C:\Users\Sabinesh V\AppData\Local\Programs\Python\Python38\Lib\site-packages\pyspark\bin\..\jars\super-csv-2.2.0.jar;C:\Users\Sabinesh V\AppData\Local\Programs\Python\Python38\Lib\site-packages\pyspark\bin\..\jars\threeten-extra-1.7.1.jar;C:\Users\Sabinesh V\AppData\Local\Programs\Python\Python38\Lib\site-packages\pyspark\bin\..\jars\tink-1.9.0.jar;C:\Users\Sabinesh V\AppData\Local\Programs\Python\Python38\Lib\site-packages\pyspark\bin\..\jars\transaction-api-1.1.jar;C:\Users\Sabinesh V\AppData\Local\Programs\Python\Python38\Lib\site-packages\pyspark\bin\..\jars\univocity-parsers-2.9.1.jar;C:\Users\Sabinesh V\AppData\Local\Programs\Python\Python38\Lib\site-packages\pyspark\bin\..\jars\xbean-asm9-shaded-4.23.jar;C:\Users\Sabinesh V\AppData\Local\Programs\Python\Python38\Lib\site-packages\pyspark\bin\..\jars\xz-1.9.jar;C:\Users\Sabinesh V\AppData\Local\Programs\Python\Python38\Lib\site-packages\pyspark\bin\..\jars\zjsonpatch-0.3.0.jar;C:\Users\Sabinesh V\AppData\Local\Programs\Python\Python38\Lib\site-packages\pyspark\bin\..\jars\zookeeper-3.6.3.jar;C:\Users\Sabinesh V\AppData\Local\Programs\Python\Python38\Lib\site-packages\pyspark\bin\..\jars\zookeeper-jute-3.6.3.jar;C:\Users\Sabinesh V\AppData\Local\Programs\Python\Python38\Lib\site-packages\pyspark\bin\..\jars\zstd-jni-1.5.5-4.jar
Launcher Type: SUN_STANDARD

[Global flags]
     intx CICompilerCount                          = 4                                         {product} {ergonomic}
     uint ConcGCThreads                            = 3                                         {product} {ergonomic}
     uint G1ConcRefinementThreads                  = 10                                        {product} {ergonomic}
   size_t G1HeapRegionSize                         = 1048576                                   {product} {ergonomic}
    uintx GCDrainStackTargetSize                   = 64                                        {product} {ergonomic}
   size_t InitialHeapSize                          = 130023424                                 {product} {ergonomic}
   size_t MarkStackSize                            = 4194304                                   {product} {ergonomic}
   size_t MaxHeapSize                              = 134217728                                 {product} {command line}
   size_t MinHeapDeltaBytes                        = 1048576                                   {product} {ergonomic}
   size_t MinHeapSize                              = 8388608                                   {product} {ergonomic}
    uintx NonNMethodCodeHeapSize                   = 5839372                                {pd product} {ergonomic}
    uintx NonProfiledCodeHeapSize                  = 122909434                              {pd product} {ergonomic}
    uintx ProfiledCodeHeapSize                     = 122909434                              {pd product} {ergonomic}
    uintx ReservedCodeCacheSize                    = 251658240                              {pd product} {ergonomic}
     bool SegmentedCodeCache                       = true                                      {product} {ergonomic}
   size_t SoftMaxHeapSize                          = 134217728                              {manageable} {ergonomic}
     bool UseCompressedOops                        = true                           {product lp64_product} {ergonomic}
     bool UseG1GC                                  = true                                      {product} {ergonomic}
     bool UseLargePagesIndividualAllocation        = false                                  {pd product} {ergonomic}

Logging:
Log output configuration:
 #0: stdout all=warning uptime,level,tags foldmultilines=false
 #1: stderr all=off uptime,level,tags foldmultilines=false

Environment Variables:
PATH=C:\Users\Sabinesh V\AppData\Local\Programs\Microsoft VS Code;C:\Program Files\Common Files\Oracle\Java\javapath;C:\Windows\system32;C:\Windows;C:\Windows\System32\Wbem;C:\Windows\System32\WindowsPowerShell\v1.0\;C:\Windows\System32\OpenSSH\;C:\Program Files (x86)\NVIDIA Corporation\PhysX\Common;C:\Program Files\NVIDIA Corporation\NVIDIA NvDLISR;C:\Program Files\PuTTY\;C:\Program Files\Git\cmd;C:\Program Files\nodejs\;C:\ProgramData\chocolatey\bin;C:\WINDOWS\system32;C:\WINDOWS;C:\WINDOWS\System32\Wbem;C:\WINDOWS\System32\WindowsPowerShell\v1.0\;C:\WINDOWS\System32\OpenSSH\;C:\Program Files\dotnet\;C:\Program Files\Microsoft SQL Server\150\Tools\Binn\;C:\Program Files\Microsoft SQL Server\Client SDK\ODBC\170\Tools\Binn\;C:\Program Files (x86)\Microsoft SQL Server\150\Tools\Binn\;C:\Program Files\Microsoft SQL Server\150\DTS\Binn\;C:\Program Files\Docker\Docker\resources\bin;C:\hadoop\bin;C:\Users\Sabinesh V\AppData\Local\Programs\Python\Python38\Scripts\;C:\Users\Sabinesh V\AppData\Local\Programs\Python\Python38\;C:\Users\Sabinesh V\AppData\Local\Microsoft\WindowsApps;C:\Users\Sabinesh V\AppData\Local\Programs\Microsoft VS Code\bin;C:\Users\Sabinesh V\AppData\Roaming\npm;C:\Users\Sabinesh V\.dotnet\tools;C:\Users\Sabinesh V\AppData\Local\Programs\cursor\resources\app\bin;C:\Program Files (x86)\MongoDB Atlas CLI\;c:\Users\Sabinesh V\.vscode\extensions\ms-python.debugpy-2025.18.0-win32-x64\bundled\scripts\noConfigScripts
USERNAME=Sabinesh V
LANG=en_US.UTF-8
OS=Windows_NT
PROCESSOR_IDENTIFIER=Intel64 Family 6 Model 141 Stepping 1, GenuineIntel
TMP=C:\Users\SABINE~1\AppData\Local\Temp
TEMP=C:\Users\SABINE~1\AppData\Local\Temp




Periodic native trim disabled

---------------  S Y S T E M  ---------------

OS:
 Windows 11 , 64 bit Build 26100 (10.0.26100.7920)
OS uptime: 0 days 0:59 hours
Hyper-V role detected

CPU: total 12 (initial active 12) (6 cores per cpu, 2 threads per core) family 6 model 141 stepping 1 microcode 0x50, cx8, cmov, fxsr, ht, mmx, 3dnowpref, sse, sse2, sse3, ssse3, sse4.1, sse4.2, popcnt, lzcnt, tsc, tscinvbit, avx, avx2, aes, erms, clmul, bmi1, bmi2, adx, avx512f, avx512dq, avx512cd, avx512bw, avx512vl, sha, fma, vzeroupper, avx512_vpopcntdq, avx512_vpclmulqdq, avx512_vaes, avx512_vnni, clflush, clflushopt, clwb, avx512_vbmi2, avx512_vbmi, hv, rdtscp, rdpid, fsrm, gfni, avx512_bitalg, f16c, cet_ibt, cet_ss, avx512_ifma
Processor Information for all 12 processors :
  Max Mhz: 2688, Current Mhz: 2688, Mhz Limit: 2688

Memory: 4k page, system-wide physical 7914M (1017M free)
TotalPageFile size 22416M (AvailPageFile size 19M)
current process WorkingSet (physical memory assigned to process): 12M, peak: 12M
current process commit charge ("private bytes"): 64M, peak: 188M

vm_info: Java HotSpot(TM) 64-Bit Server VM (21.0.7+8-LTS-245) for windows-amd64 JRE (21.0.7+8-LTS-245), built on 2025-02-21T05:11:27Z by "mach5one" with MS VC++ 17.6 (VS2022)

END.
